<?xml version="1.0" encoding="UTF-8"?>
<!-- Generated by org.testng.reporters.JUnitReportReporter -->
<testsuite hostname="Lenovo" failures="0" tests="1" name="test.EcommerceTestCases" time="31.141" errors="0" timestamp="2020-12-16T17:28:20 SGT" skipped="0">
  <testcase classname="test.EcommerceTestCases" name="loginValidCredentialsTest" time="31.141"/>
  <system-out/>
</testsuite> <!-- test.EcommerceTestCases -->
