<?xml version="1.0" encoding="UTF-8"?>
<!-- Generated by org.testng.reporters.JUnitReportReporter -->
<testsuite hostname="Lenovo" failures="0" tests="3" name="test.EcommerceTestCases" time="162.869" errors="0" timestamp="2021-01-12T18:14:03 SGT" skipped="0">
  <testcase classname="test.EcommerceTestCases" name="aLoginValidCredentialsTest" time="32.612"/>
  <system-out/>
  <testcase classname="test.EcommerceTestCases" name="cCategoryPageTest" time="79.908"/>
  <system-out/>
  <testcase classname="test.EcommerceTestCases" name="bHomePageTest" time="50.349"/>
  <system-out/>
</testsuite> <!-- test.EcommerceTestCases -->
