<?xml version="1.0" encoding="UTF-8"?>
<!-- Generated by org.testng.reporters.JUnitReportReporter -->
<testsuite hostname="Lenovo" failures="0" tests="1" name="test.ExtentReportsDemoWithTestNG2" time="20.362" errors="0" timestamp="2020-12-22T20:27:18 SGT" skipped="0">
  <testcase classname="test.ExtentReportsDemoWithTestNG2" name="test2" time="20.362"/>
  <system-out/>
</testsuite> <!-- test.ExtentReportsDemoWithTestNG2 -->
