<?xml version="1.0" encoding="UTF-8"?>
<!-- Generated by org.testng.reporters.JUnitReportReporter -->
<testsuite hostname="Lenovo" failures="0" tests="3" name="test.EcommerceTestCases" time="106.029" errors="0" timestamp="2021-01-11T17:33:57 SGT" skipped="0">
  <testcase classname="test.EcommerceTestCases" name="cCategoryPageTest" time="9.725"/>
  <system-out/>
  <testcase classname="test.EcommerceTestCases" name="aLoginValidCredentialsTest" time="37.755"/>
  <system-out/>
  <testcase classname="test.EcommerceTestCases" name="bHomePageTest" time="58.549"/>
  <system-out/>
</testsuite> <!-- test.EcommerceTestCases -->
