<?xml version="1.0" encoding="UTF-8"?>
<!-- Generated by org.testng.reporters.JUnitReportReporter -->
<testsuite hostname="Lenovo" failures="0" tests="4" name="test.EcommerceTestCases" time="45.582" errors="0" timestamp="2021-01-06T19:19:36 SGT" skipped="0">
  <testcase classname="test.EcommerceTestCases" name="homePageSearchBar" time="3.476"/>
  <system-out/>
  <testcase classname="test.EcommerceTestCases" name="loginValidCredentialsTest" time="32.425"/>
  <system-out/>
  <testcase classname="test.EcommerceTestCases" name="homePageSearchButton" time="3.270"/>
  <system-out/>
  <testcase classname="test.EcommerceTestCases" name="homePageAds" time="6.411"/>
  <system-out/>
</testsuite> <!-- test.EcommerceTestCases -->
